<?xml version="1.0" encoding="UTF-8"?>
<testng-results skipped="0" failed="1" ignored="0" total="1" passed="0">
  <reporter-output>
  </reporter-output>
  <suite name="Default suite" duration-ms="61" started-at="2020-01-23T17:00:24Z" finished-at="2020-01-23T17:00:24Z">
    <groups>
    </groups>
    <test name="Default test" duration-ms="61" started-at="2020-01-23T17:00:24Z" finished-at="2020-01-23T17:00:24Z">
      <class name="Test.Demo1">
        <test-method status="PASS" signature="bfsute()[pri:0, instance:Test.Demo1@120ebad]" name="bfsute" is-config="true" duration-ms="53" started-at="2020-01-23T17:00:24Z" finished-at="2020-01-23T17:00:24Z">
          <reporter-output>
          </reporter-output>
        </test-method> <!-- bfsute -->
        <test-method status="PASS" signature="BT()[pri:0, instance:Test.Demo1@120ebad]" name="BT" is-config="true" duration-ms="3" started-at="2020-01-23T17:00:24Z" finished-at="2020-01-23T17:00:24Z">
          <reporter-output>
          </reporter-output>
        </test-method> <!-- BT -->
        <test-method status="PASS" signature="before()[pri:0, instance:Test.Demo1@120ebad]" name="before" is-config="true" duration-ms="0" started-at="2020-01-23T17:00:24Z" finished-at="2020-01-23T17:00:24Z">
          <reporter-output>
          </reporter-output>
        </test-method> <!-- before -->
        <test-method status="FAIL" signature="loan(java.lang.String)[pri:0, instance:Test.Demo1@120ebad]" name="loan" duration-ms="0" started-at="2020-01-23T17:00:24Z" finished-at="2020-01-23T17:00:24Z">
          <exception class="org.testng.TestNGException">
            <message>
              <![CDATA[
Parameter 'url' is required by @Test on method loan but has not been marked @Optional or defined
in C:\Users\LDNA\AppData\Local\Temp\testng-eclipse-1427447760\testng-customsuite.xml]]>
            </message>
            <full-stacktrace>
              <![CDATA[org.testng.TestNGException: 
Parameter 'url' is required by @Test on method loan but has not been marked @Optional or defined
in C:\Users\LDNA\AppData\Local\Temp\testng-eclipse-1427447760\testng-customsuite.xml
at org.testng.internal.Parameters.createParams(Parameters.java:290)
at org.testng.internal.Parameters.createParametersForMethod(Parameters.java:359)
at org.testng.internal.Parameters.createParameters(Parameters.java:620)
at org.testng.internal.Parameters.handleParameters(Parameters.java:769)
at org.testng.internal.ParameterHandler.handleParameters(ParameterHandler.java:49)
at org.testng.internal.ParameterHandler.createParameters(ParameterHandler.java:37)
at org.testng.internal.Invoker.invokeTestMethods(Invoker.java:924)
at org.testng.internal.TestMethodWorker.invokeTestMethods(TestMethodWorker.java:125)
at org.testng.internal.TestMethodWorker.run(TestMethodWorker.java:109)
at org.testng.TestRunner.privateRun(TestRunner.java:648)
at org.testng.TestRunner.run(TestRunner.java:505)
at org.testng.SuiteRunner.runTest(SuiteRunner.java:455)
at org.testng.SuiteRunner.runSequentially(SuiteRunner.java:450)
at org.testng.SuiteRunner.privateRun(SuiteRunner.java:415)
at org.testng.SuiteRunner.run(SuiteRunner.java:364)
at org.testng.SuiteRunnerWorker.runSuite(SuiteRunnerWorker.java:52)
at org.testng.SuiteRunnerWorker.run(SuiteRunnerWorker.java:84)
at org.testng.TestNG.runSuitesSequentially(TestNG.java:1208)
at org.testng.TestNG.runSuitesLocally(TestNG.java:1137)
at org.testng.TestNG.runSuites(TestNG.java:1049)
at org.testng.TestNG.run(TestNG.java:1017)
at org.testng.remote.AbstractRemoteTestNG.run(AbstractRemoteTestNG.java:114)
at org.testng.remote.RemoteTestNG.initAndRun(RemoteTestNG.java:251)
at org.testng.remote.RemoteTestNG.main(RemoteTestNG.java:77)
]]>
            </full-stacktrace>
          </exception> <!-- org.testng.TestNGException -->
          <reporter-output>
          </reporter-output>
        </test-method> <!-- loan -->
        <test-method status="PASS" signature="After()[pri:0, instance:Test.Demo1@120ebad]" name="After" is-config="true" duration-ms="9" started-at="2020-01-23T17:00:24Z" finished-at="2020-01-23T17:00:24Z">
          <reporter-output>
          </reporter-output>
        </test-method> <!-- After -->
        <test-method status="PASS" signature="hihihi()[pri:0, instance:Test.Demo1@120ebad]" name="hihihi" is-config="true" duration-ms="0" started-at="2020-01-23T17:00:24Z" finished-at="2020-01-23T17:00:24Z">
          <reporter-output>
          </reporter-output>
        </test-method> <!-- hihihi -->
        <test-method status="PASS" signature="Afsute()[pri:0, instance:Test.Demo1@120ebad]" name="Afsute" is-config="true" duration-ms="0" started-at="2020-01-23T17:00:24Z" finished-at="2020-01-23T17:00:24Z">
          <reporter-output>
          </reporter-output>
        </test-method> <!-- Afsute -->
      </class> <!-- Test.Demo1 -->
    </test> <!-- Default test -->
  </suite> <!-- Default suite -->
</testng-results>
